Vivado Simulator 2016.4
Copyright 1986-1999, 2001-2016 Xilinx, Inc. All Rights Reserved.
Running: C:/Xilinx/Vivado/2016.4/bin/unwrapped/win64.o/xelab.exe -wto 14b05e31164f4f8ea26d70ef0404e6e5 --debug typical --relax --mt 2 -L xil_defaultlib -L secureip --snapshot project_traffic_tb_behav xil_defaultlib.project_traffic_tb -log elaborate.log 
Using 2 slave threads.
Starting static elaboration
Completed static elaboration
Starting simulation data flow analysis
Completed simulation data flow analysis
Time Resolution for simulation is 1ps
Compiling package std.standard
Compiling package std.textio
Compiling package ieee.std_logic_1164
Compiling package ieee.std_logic_arith
Compiling package ieee.std_logic_unsigned
Compiling package ieee.numeric_std
Compiling package unisim.vcomponents
Compiling architecture behavioral of entity xil_defaultlib.lcd [lcd_default]
Compiling architecture behavioral of entity xil_defaultlib.sensor [sensor_default]
Compiling architecture traffic of entity xil_defaultlib.project_traffic [project_traffic_default]
Compiling architecture behavior of entity xil_defaultlib.project_traffic_tb
ERROR: [XSIM 43-3345] Unable to remove previous simulation file xsim.dir/project_traffic_tb_behav/xsimk.exe. Please check if you have another instance of this simulation running on your system, terminate it and then recompile your design. System Error Message: boost::filesystem::remove: Access is denied: "xsim.dir/project_traffic_tb_behav/xsimk.exe".
ERROR: [XSIM 43-3238] Failed to link the design.
